AACBR - Missing price or volume
AACT-U - Missing price or volume
AACT-WS - Missing price or volume
AAM-U - Missing price or volume
AAM-WS - Missing price or volume
AAPGV - Missing price or volume
ABLLW - Missing price or volume
ABLVW - Missing price or volume
ABPWW - Missing price or volume
ABR-P-D - Missing price or volume
ABR-P-E - Missing price or volume
ABR-P-F - Missing price or volume
ABST - Missing price or volume
ABVEW - Missing price or volume
ACHL - Missing price or volume
ACHR-WS - Missing price or volume
ACONW - Missing price or volume
ACP-P-A - Missing price or volume
ACR-P-C - Missing price or volume
ACR-P-D - Missing price or volume
ACST - Missing price or volume
ADAL - Missing price or volume
ADALU - Missing price or volume
ADALW - Missing price or volume
ADC-P-A - Missing price or volume
ADNWW - Missing price or volume
ADOCR - Missing price or volume
ADSEW - Missing price or volume
AEHA - Missing price or volume
AENTW - Missing price or volume
AEPPZ - Missing price or volume
AERTW - Missing price or volume
AEVAW - Missing price or volume
AFJKR - Missing price or volume
AFRIW - Missing price or volume
AFT - Missing price or volume
AGFS - Missing price or volume
AGM-P-D - Missing price or volume
AGM-P-E - Missing price or volume
AGM-P-F - Missing price or volume
AGM-P-G - Missing price or volume
AGOV - Missing price or volume
AGTC - Missing price or volume
AHH-P-A - Missing price or volume
AHL-P-D - Missing price or volume
AHL-P-E - Missing price or volume
AHRNU - Missing price or volume
AHT-P-D - Missing price or volume
AHT-P-F - Missing price or volume
AHT-P-G - Missing price or volume
AHT-P-H - Missing price or volume
AHT-P-I - Missing price or volume
AIF - Missing price or volume
AIFER - Missing price or volume
AIMDW - Missing price or volume
AIRJW - Missing price or volume
AISPW - Missing price or volume
AITRR - Missing price or volume
AJXA - Missing price or volume
AKUS - Missing price or volume
ALCYW - Missing price or volume
ALDFW - Missing price or volume
ALFUW - Missing price or volume
ALKSV - Missing price or volume
ALL-P-B - Missing price or volume
ALL-P-H - Missing price or volume
ALL-P-I - Missing price or volume
ALL-P-J - Missing price or volume
ALLG-WS - Missing price or volume
ALOR - Missing price or volume
ALORU - Missing price or volume
ALORW - Missing price or volume
ALPS - Missing price or volume
ALTG-P-A - Missing price or volume
ALTIW - Missing price or volume
ALUR-WS - Missing price or volume
ALVOW - Missing price or volume
AMAO - Missing price or volume
AMAOW - Missing price or volume
AMBI-WS - Missing price or volume
AMBP-WS - Missing price or volume
AMEH - Missing price or volume
AMH-P-G - Missing price or volume
AMH-P-H - Missing price or volume
AMODW - Missing price or volume
AMPX-WS - Missing price or volume
AMRS - Missing price or volume
AMTM-W - Missing price or volume
ANG-P-B - Missing price or volume
ANGHW - Missing price or volume
ANGIV - Missing price or volume
ANNAW - Missing price or volume
ANSCW - Missing price or volume
AONCW - Missing price or volume
AP-WS - Missing price or volume
APCXW - Missing price or volume
APGB - Missing price or volume
APGB-U - Missing price or volume
APGB-WS - Missing price or volume
APMIU - Missing price or volume
APO-P-A - Missing price or volume
APRD - Missing price or volume
APRN - Missing price or volume
APRQ - Missing price or volume
AQNA - Missing price or volume
ARBEW - Missing price or volume
ARBGU - Missing price or volume
ARCK - Missing price or volume
ARCKU - Missing price or volume
ARCKW - Missing price or volume
AREBW - Missing price or volume
ARGO - Missing price or volume
ARGO-P-A - Missing price or volume
ARGU - Missing price or volume
ARGUU - Missing price or volume
ARGUW - Missing price or volume
ARMK-W - Missing price or volume
ARR-P-C - Missing price or volume
ARTE - Missing price or volume
ARTEU - Missing price or volume
ASB-P-E - Missing price or volume
ASB-P-F - Missing price or volume
ASBPW - Missing price or volume
ASPCR - Missing price or volume
ASPSW - Missing price or volume
ASPSZ - Missing price or volume
ASPY - Missing price or volume
ASTLW - Missing price or volume
ATCO-P-D - Missing price or volume
ATCO-P-H - Missing price or volume
ATEST-A - Missing price or volume
ATEST-B - Missing price or volume
ATEST-C - Missing price or volume
ATEST-G - Missing price or volume
ATEST-H - Missing price or volume
ATEST-L - Missing price or volume
ATH-P-A - Missing price or volume
ATH-P-C - Missing price or volume
ATH-P-D - Missing price or volume
ATH-P-E - Missing price or volume
ATIF - Missing price or volume
ATIIW - Missing price or volume
ATMCR - Missing price or volume
ATMCW - Missing price or volume
ATMVR - Missing price or volume
ATNFW - Missing price or volume
AUB-P-A - Missing price or volume
AULT - Missing price or volume
AULT-P-D - Missing price or volume
AURC - Missing price or volume
AUROW - Missing price or volume
AUUDW - Missing price or volume
AVACU - Missing price or volume
AVK-R - Missing price or volume
AVK-R-W - Missing price or volume
AVPTW - Missing price or volume
AVRO - Missing price or volume
AXAC-R - Missing price or volume
AXNX - Missing price or volume
AXS-P-E - Missing price or volume
BAC-P-B - Missing price or volume
BAC-P-E - Missing price or volume
BAC-P-K - Missing price or volume
BAC-P-L - Missing price or volume
BAC-P-M - Missing price or volume
BAC-P-N - Missing price or volume
BAC-P-O - Missing price or volume
BAC-P-P - Missing price or volume
BAC-P-Q - Missing price or volume
BAC-P-S - Missing price or volume
BACQR - Missing price or volume
BAD - Missing price or volume
BAERW - Missing price or volume
BALY-T - Missing price or volume
BANC-P-F - Missing price or volume
BARK-WS - Missing price or volume
BAYAR - Missing price or volume
BBAI-WS - Missing price or volume
BBLN - Missing price or volume
BC/PA - Missing price or volume
BC/PB - Missing price or volume
BC/PC - Missing price or volume
BCGWW - Missing price or volume
BCM - Missing price or volume
BCTXW - Missing price or volume
BCTXZ - Missing price or volume
BCV-P-A - Missing price or volume
BDMDW - Missing price or volume
BEAGR - Missing price or volume
BEATW - Missing price or volume
BENFW - Missing price or volume
BEP-P-A - Missing price or volume
BETRW - Missing price or volume
BFLY-WS - Missing price or volume
BFRGW - Missing price or volume
BFRIW - Missing price or volume
BFS-P-D - Missing price or volume
BFS-P-E - Missing price or volume
BFTR - Missing price or volume
BFX - Missing price or volume
BGRY - Missing price or volume
BGRYW - Missing price or volume
BHIL-WS - Missing price or volume
BHK-R - Missing price or volume
BHK-R-W - Missing price or volume
BHR-P-B - Missing price or volume
BHR-P-D - Missing price or volume
BIAFW - Missing price or volume
BIOSU - Missing price or volume
BIP-P-A - Missing price or volume
BIP-P-B - Missing price or volume
BKHAR - Missing price or volume
BKKT-WS - Missing price or volume
BKSB - Missing price or volume
BKSY-WS - Missing price or volume
BLDEW - Missing price or volume
BLUE - Missing price or volume
BMAC - Missing price or volume
BMAC-U - Missing price or volume
BMAC-WS - Missing price or volume
BMAQU - Missing price or volume
BML-P-G - Missing price or volume
BML-P-H - Missing price or volume
BML-P-J - Missing price or volume
BML-P-L - Missing price or volume
BN-W - Missing price or volume
BNAIW - Missing price or volume
BNRE-A - Missing price or volume
BNZIW - Missing price or volume
BOAC - Missing price or volume
BOAC-U - Missing price or volume
BOAC-WS - Missing price or volume
BOB - Missing price or volume
BODY - Missing price or volume
BOH-P-A - Missing price or volume
BOSS - Missing price or volume
BOWNR - Missing price or volume
BRACR - Missing price or volume
BRLI - Missing price or volume
BRLIR - Missing price or volume
BRLIU - Missing price or volume
BRLIW - Missing price or volume
BRLSW - Missing price or volume
BSEA - Missing price or volume
BSII - Missing price or volume
BSIIU - Missing price or volume
BSIIW - Missing price or volume
BSLKW - Missing price or volume
BTBDW - Missing price or volume
BTMDW - Missing price or volume
BTMWW - Missing price or volume
BUJA - Missing price or volume
BW-P-A - Missing price or volume
BWA-W - Missing price or volume
BWCAU - Missing price or volume
BYTE - Missing price or volume
BYU - Missing price or volume
BZFDW - Missing price or volume
C-P-K - Missing price or volume
C-P-N - Missing price or volume
CADE-P-A - Missing price or volume
CAPNR - Missing price or volume
CAPTW - Missing price or volume
CBH - Missing price or volume
CBO - Missing price or volume
CBX - Missing price or volume
CCAIU - Missing price or volume
CCF - Missing price or volume
CCIRW - Missing price or volume
CCIXW - Missing price or volume
CCV - Missing price or volume
CCV-U - Missing price or volume
CCV-WS - Missing price or volume
CDIOW - Missing price or volume
CDLR-W - Missing price or volume
CDMO - Missing price or volume
CDR-P-B - Missing price or volume
CDR-P-C - Missing price or volume
CDROW - Missing price or volume
CDTTW - Missing price or volume
CEADW - Missing price or volume
CELG-R - Missing price or volume
CELUW - Missing price or volume
CEM - Missing price or volume
CEN - Missing price or volume
CEQP-P - Missing price or volume
CEROW - Missing price or volume
CFB - Missing price or volume
CFG-P-E - Missing price or volume
CFMS - Missing price or volume
CFR-P-B - Missing price or volume
CGBSW - Missing price or volume
CHACR - Missing price or volume
CHARR - Missing price or volume
CHEB-WS - Missing price or volume
CHMI-P-A - Missing price or volume
CHMI-P-B - Missing price or volume
CIFRW - Missing price or volume
CIH - Missing price or volume
CIIGU - Missing price or volume
CIM-P-A - Missing price or volume
CIM-P-B - Missing price or volume
CIM-P-C - Missing price or volume
CIM-P-D - Missing price or volume
CINGW - Missing price or volume
CIO-P-A - Missing price or volume
CISSV - Missing price or volume
CITEW - Missing price or volume
CKPT - Missing price or volume
CLBR-U - Missing price or volume
CLBR-WS - Missing price or volume
CLDT-P-A - Missing price or volume
CLINW - Missing price or volume
CLNNW - Missing price or volume
CLSA - Missing price or volume
CLSC - Missing price or volume
CLSKW - Missing price or volume
CLVS - Missing price or volume
CLXT - Missing price or volume
CMDB-W - Missing price or volume
CMPOV - Missing price or volume
CMPOW - Missing price or volume
CMRE-P-B - Missing price or volume
CMRE-P-C - Missing price or volume
CMRE-P-D - Missing price or volume
CMRE-W - Missing price or volume
CMRX - Missing price or volume
CMS-P-B - Missing price or volume
CMS-P-C - Missing price or volume
CNCKW - Missing price or volume
CNFRL - Missing price or volume
CNFRZ - Missing price or volume
CNO-P-A - Missing price or volume
COCHW - Missing price or volume
CODI-P-A - Missing price or volume
CODI-P-B - Missing price or volume
CODI-P-C - Missing price or volume
COEPW - Missing price or volume
COF-P-I - Missing price or volume
COF-P-J - Missing price or volume
COF-P-K - Missing price or volume
COF-P-L - Missing price or volume
COF-P-N - Missing price or volume
COLAR - Missing price or volume
CON-W - Missing price or volume
COOTW - Missing price or volume
COPL-U - Missing price or volume
COPL-WS - Missing price or volume
CORZW - Missing price or volume
CORZZ - Missing price or volume
COWNL - Missing price or volume
CPAA - Missing price or volume
CPAAU - Missing price or volume
CPAAW - Missing price or volume
CPARU - Missing price or volume
CPLP - Missing price or volume
CPTK - Missing price or volume
CPTK-U - Missing price or volume
CR-W - Missing price or volume
CRACU - Missing price or volume
CRESW - Missing price or volume
CREVW - Missing price or volume
CRGOW - Missing price or volume
CRHC-U - Missing price or volume
CRMLW - Missing price or volume
CSTA - Missing price or volume
CSTA-U - Missing price or volume
CSTA-WS - Missing price or volume
CTA-P-A - Missing price or volume
CTA-P-B - Missing price or volume
CTCXW - Missing price or volume
CTEST - Missing price or volume
CTO-P-A - Missing price or volume
CTR - Missing price or volume
CTRMV - Missing price or volume
CUBI-P-E - Missing price or volume
CUBI-P-F - Missing price or volume
CUBS - Missing price or volume
CUBWW - Missing price or volume
CURB-W - Missing price or volume
CURIW - Missing price or volume
CVE-WS - Missing price or volume
CVII - Missing price or volume
CVIIU - Missing price or volume
CVIIW - Missing price or volume
CXAIW - Missing price or volume
CXT-W - Missing price or volume
CYCUW - Missing price or volume
DAAQW - Missing price or volume
DAVEW - Missing price or volume
DBEH - Missing price or volume
DBGIW - Missing price or volume
DBRG-P-H - Missing price or volume
DBRG-P-I - Missing price or volume
DBRG-P-J - Missing price or volume
DBTX - Missing price or volume
DC-WS - Missing price or volume
DCF - Missing price or volume
DCPH - Missing price or volume
DDF - Missing price or volume
DESP - Missing price or volume
DEX - Missing price or volume
DFFN - Missing price or volume
DFLIW - Missing price or volume
DGHI - Missing price or volume
DGNU - Missing price or volume
DHAIW - Missing price or volume
DHCA - Missing price or volume
DHCNL - Missing price or volume
DICE - Missing price or volume
DISTR - Missing price or volume
DISTU - Missing price or volume
DISTW - Missing price or volume
DLCAU - Missing price or volume
DLNG-P-A - Missing price or volume
DLNG-P-B - Missing price or volume
DLR-P-J - Missing price or volume
DLR-P-K - Missing price or volume
DLR-P-L - Missing price or volume
DM - Missing price or volume
DMAAR - Missing price or volume
DMYY-WS - Missing price or volume
DNAB - Missing price or volume
DNAD - Missing price or volume
DPK - Missing price or volume
DRDBW - Missing price or volume
DRH-P-A - Missing price or volume
DRMAW - Missing price or volume
DRTSW - Missing price or volume
DSAQ-U - Missing price or volume
DSKE - Missing price or volume
DSX-P-B - Missing price or volume
DSX-WS - Missing price or volume
DSYWW - Missing price or volume
DTSQR - Missing price or volume
DTSTW - Missing price or volume
DUDE - Missing price or volume
DUETW - Missing price or volume
DUK-P-A - Missing price or volume
DX-P-C - Missing price or volume
DYCQR - Missing price or volume
DYNXW - Missing price or volume
EAI - Missing price or volume
ECC-P-D - Missing price or volume
ECDAW - Missing price or volume
ECF-P-A - Missing price or volume
ECG-W - Missing price or volume
ECXWW - Missing price or volume
EDBLW - Missing price or volume
EDI - Missing price or volume
EDUT - Missing price or volume
EFC-P-A - Missing price or volume
EFC-P-B - Missing price or volume
EFC-P-C - Missing price or volume
EFC-P-D - Missing price or volume
EFUT - Missing price or volume
EGF - Missing price or volume
EGIS - Missing price or volume
EHI-R - Missing price or volume
EHI-R-W - Missing price or volume
EHLDV - Missing price or volume
EMBK - Missing price or volume
EMBKW - Missing price or volume
EMCA - Missing price or volume
EMCGR - Missing price or volume
EMCGW - Missing price or volume
EMCH - Missing price or volume
EMGC - Missing price or volume
EMP - Missing price or volume
EMPW - Missing price or volume
EMZA - Missing price or volume
ENCP - Missing price or volume
ENGNW - Missing price or volume
ENTXW - Missing price or volume
EOCW - Missing price or volume
EONRWS - Missing price or volume
EP-P-C - Missing price or volume
EPR-P-C - Missing price or volume
EPR-P-E - Missing price or volume
EPR-P-G - Missing price or volume
EQH-P-A - Missing price or volume
EQH-P-C - Missing price or volume
EQV-U - Missing price or volume
EQV-WS - Missing price or volume
ESEAV - Missing price or volume
ESGLW - Missing price or volume
ESGX - Missing price or volume
ESHAR - Missing price or volume
ESLAW - Missing price or volume
ET-P-I - Missing price or volume
EUDAW - Missing price or volume
EURKR - Missing price or volume
EVEX-WS - Missing price or volume
EVIX - Missing price or volume
EVLVW - Missing price or volume
EWEB - Missing price or volume
EWGS - Missing price or volume
EXTO-W - Missing price or volume
F-P-B - Missing price or volume
F-P-C - Missing price or volume
F-P-D - Missing price or volume
FAASW - Missing price or volume
FACTW - Missing price or volume
FAM - Missing price or volume
FATAV - Missing price or volume
FATBV - Missing price or volume
FATBW - Missing price or volume
FBRT-P-E - Missing price or volume
FBYDW - Missing price or volume
FDEU - Missing price or volume
FEI - Missing price or volume
FEN - Missing price or volume
FEO - Missing price or volume
FERAR - Missing price or volume
FEVR - Missing price or volume
FFAIW - Missing price or volume
FFNW - Missing price or volume
FG-W - Missing price or volume
FGIWW - Missing price or volume
FGMCR - Missing price or volume
FHLTW - Missing price or volume
FHN-P-B - Missing price or volume
FHN-P-C - Missing price or volume
FHN-P-E - Missing price or volume
FHN-P-F - Missing price or volume
FICV - Missing price or volume
FICVU - Missing price or volume
FICVW - Missing price or volume
FIF - Missing price or volume
FIVR - Missing price or volume
FLAC - Missing price or volume
FLACW - Missing price or volume
FLAG-WS - Missing price or volume
FLDD - Missing price or volume
FLDDW - Missing price or volume
FLFR - Missing price or volume
FLG-P-A - Missing price or volume
FLG-P-U - Missing price or volume
FLIC - Missing price or volume
FLIY - Missing price or volume
FLJ - Missing price or volume
FLZA - Missing price or volume
FMSTW - Missing price or volume
FNGA - Missing price or volume
FORLW - Missing price or volume
FOXXW - Missing price or volume
FPL - Missing price or volume
FRBN - Missing price or volume
FRBNU - Missing price or volume
FRBNW - Missing price or volume
FREQ - Missing price or volume
FRES - Missing price or volume
FREY-WS - Missing price or volume
FRGAP - Missing price or volume
FRLAW - Missing price or volume
FRRSF - Missing price or volume
FRT-P-C - Missing price or volume
FSD - Missing price or volume
FSHPR - Missing price or volume
FSNB - Missing price or volume
FSNB-U - Missing price or volume
FTAA - Missing price or volume
FTAAW - Missing price or volume
FTIIW - Missing price or volume
FTPA - Missing price or volume
FTPAW - Missing price or volume
FUFUW - Missing price or volume
FWP - Missing price or volume
FXCO - Missing price or volume
FXCOR - Missing price or volume
FXCOW - Missing price or volume
GAB-P-G - Missing price or volume
GAB-P-H - Missing price or volume
GAB-P-K - Missing price or volume
GAM-P-B - Missing price or volume
GASL - Missing price or volume
GATE - Missing price or volume
GATEU - Missing price or volume
GATEW - Missing price or volume
GB-WS - Missing price or volume
GBBKW - Missing price or volume
GBRG - Missing price or volume
GCLWW - Missing price or volume
GCMGW - Missing price or volume
GCTS-WS - Missing price or volume
GCTSW - Missing price or volume
GDEVW - Missing price or volume
GDSTR - Missing price or volume
GDSTW - Missing price or volume
GDV-P-H - Missing price or volume
GDV-P-K - Missing price or volume
GDVD - Missing price or volume
GECCZ - Missing price or volume
GEHCV - Missing price or volume
GENQU - Missing price or volume
GENY - Missing price or volume
GER - Missing price or volume
GERM - Missing price or volume
GET - Missing price or volume
GETR-WS - Missing price or volume
GEV-W - Missing price or volume
GFAIW - Missing price or volume
GGN-P-B - Missing price or volume
GGROW - Missing price or volume
GGT-P-E - Missing price or volume
GGT-P-G - Missing price or volume
GGT-R-W - Missing price or volume
GIACU - Missing price or volume
GIBOW - Missing price or volume
GIGGW - Missing price or volume
GIPRW - Missing price or volume
GIW - Missing price or volume
GIWWU - Missing price or volume
GIWWW - Missing price or volume
GL-P-D - Missing price or volume
GLACR - Missing price or volume
GLBLW - Missing price or volume
GLOP-P-A - Missing price or volume
GLOP-P-B - Missing price or volume
GLOP-P-C - Missing price or volume
GLP-P-B - Missing price or volume
GLTA - Missing price or volume
GLTA-U - Missing price or volume
GLU-P-A - Missing price or volume
GLU-P-B - Missing price or volume
GMFIW - Missing price or volume
GMRE-P-A - Missing price or volume
GNL-P-A - Missing price or volume
GNL-P-B - Missing price or volume
GNL-P-D - Missing price or volume
GNL-P-E - Missing price or volume
GNT-P-A - Missing price or volume
GODN - Missing price or volume
GODNR - Missing price or volume
GODNU - Missing price or volume
GOVXW - Missing price or volume
GPATW - Missing price or volume
GPMT-P-A - Missing price or volume
GRAF-WS - Missing price or volume
GRALV - Missing price or volume
GRBK-P-A - Missing price or volume
GRCL - Missing price or volume
GRIN - Missing price or volume
GRNA - Missing price or volume
GRNAW - Missing price or volume
GRND-WS - Missing price or volume
GRNT-WS - Missing price or volume
GRP-U - Missing price or volume
GRRRW - Missing price or volume
GS-P-A - Missing price or volume
GS-P-C - Missing price or volume
GS-P-D - Missing price or volume
GSDWW - Missing price or volume
GSHRW - Missing price or volume
GSL-P-B - Missing price or volume
GSRM - Missing price or volume
GSRMW - Missing price or volume
GTLS-P-B - Missing price or volume
GUT-P-C - Missing price or volume
GVCI - Missing price or volume
GVCIU - Missing price or volume
GVCIW - Missing price or volume
GWH-WS - Missing price or volume
HAPR - Missing price or volume
HEES - Missing price or volume
HEWC - Missing price or volume
HEWU - Missing price or volume
HEXO - Missing price or volume
HFRO-P-A - Missing price or volume
HFRO-P-B - Missing price or volume
HGTY-WS - Missing price or volume
HHH-W - Missing price or volume
HIE - Missing price or volume
HIG-P-G - Missing price or volume
HIPO-WS - Missing price or volume
HL-P-B - Missing price or volume
HLLY-WS - Missing price or volume
HMAC - Missing price or volume
HMACR - Missing price or volume
HMACU - Missing price or volume
HMACW - Missing price or volume
HMCO - Missing price or volume
HMCOU - Missing price or volume
HMCOW - Missing price or volume
HOFVW - Missing price or volume
HOLOW - Missing price or volume
HONDW - Missing price or volume
HORIU - Missing price or volume
HOTL - Missing price or volume
HOVRW - Missing price or volume
HPAIW - Missing price or volume
HPLT - Missing price or volume
HPLTU - Missing price or volume
HPLTW - Missing price or volume
HPP-P-C - Missing price or volume
HRYU - Missing price or volume
HSCSW - Missing price or volume
HSPOR - Missing price or volume
HSPOW - Missing price or volume
HSPTR - Missing price or volume
HT - Missing price or volume
HT-P-C - Missing price or volume
HT-P-D - Missing price or volume
HT-P-E - Missing price or volume
HTBI - Missing price or volume
HTPA-U - Missing price or volume
HTY - Missing price or volume
HTZWW - Missing price or volume
HUBCW - Missing price or volume
HUBCZ - Missing price or volume
HUDAR - Missing price or volume
HUMAW - Missing price or volume
HVAL - Missing price or volume
HVIIR - Missing price or volume
HYAC-U - Missing price or volume
HYAC-WS - Missing price or volume
HYMCW - Missing price or volume
HYZN - Missing price or volume
HYZNW - Missing price or volume
HZON-WS - Missing price or volume
IACVV - Missing price or volume
IBACR - Missing price or volume
IBMK - Missing price or volume
IBTE - Missing price or volume
ICLK - Missing price or volume
ICNC-U - Missing price or volume
ICR-P-A - Missing price or volume
ICUCW - Missing price or volume
ID - Missing price or volume
IDIV - Missing price or volume
IFIN-WS - Missing price or volume
IFN-R - Missing price or volume
IFN-R-W - Missing price or volume
IGR-R - Missing price or volume
IGR-R-W - Missing price or volume
IGZ - Missing price or volume
IHIT - Missing price or volume
IHTA - Missing price or volume
IIPR-P-A - Missing price or volume
IIVI - Missing price or volume
ILLRW - Missing price or volume
ILMNV - Missing price or volume
IMACW - Missing price or volume
IMPPV - Missing price or volume
IMTXW - Missing price or volume
INBXV - Missing price or volume
INKA - Missing price or volume
INN-P-E - Missing price or volume
INN-P-F - Missing price or volume
INPX - Missing price or volume
INPXV - Missing price or volume
INVZW - Missing price or volume
INXBV - Missing price or volume
IONQ-WS - Missing price or volume
IPXXU - Missing price or volume
IQMDW - Missing price or volume
IRL - Missing price or volume
IROHR - Missing price or volume
IROHW - Missing price or volume
ISG - Missing price or volume
ISO - Missing price or volume
ISRLW - Missing price or volume
ITI - Missing price or volume
IVCPU - Missing price or volume
IVDAW - Missing price or volume
IVH - Missing price or volume
IVR-P-C - Missing price or volume
J-W - Missing price or volume
JACS-R - Missing price or volume
JACS-U - Missing price or volume
JCICU - Missing price or volume
JEMD - Missing price or volume
JENA-U - Missing price or volume
JFBRW - Missing price or volume
JFR-R - Missing price or volume
JFR-R-W - Missing price or volume
JHAA - Missing price or volume
JJE - Missing price or volume
JJM - Missing price or volume
JJP - Missing price or volume
JJS - Missing price or volume
JMACU - Missing price or volume
JNJ-WD - Missing price or volume
JOBY-WS - Missing price or volume
JPM-P-C - Missing price or volume
JPM-P-D - Missing price or volume
JPM-P-J - Missing price or volume
JPM-P-K - Missing price or volume
JPM-P-L - Missing price or volume
JPM-P-M - Missing price or volume
JPS - Missing price or volume
JPT - Missing price or volume
JQC-R - Missing price or volume
JQC-R-W - Missing price or volume
JRO - Missing price or volume
JSD - Missing price or volume
JSPRW - Missing price or volume
JUGG - Missing price or volume
JUGGU - Missing price or volume
JUGGW - Missing price or volume
JVSAR - Missing price or volume
JW - Missing price or volume
JXN-P-A - Missing price or volume
K-W - Missing price or volume
KBNTW - Missing price or volume
KCGI-WS - Missing price or volume
KDNY - Missing price or volume
KEY-P-I - Missing price or volume
KEY-P-J - Missing price or volume
KEY-P-K - Missing price or volume
KEY-P-L - Missing price or volume
KFIIR - Missing price or volume
KFYP - Missing price or volume
KIDZW - Missing price or volume
KIM-P-L - Missing price or volume
KIM-P-M - Missing price or volume
KIM-P-N - Missing price or volume
KIO-R - Missing price or volume
KIO-R-W - Missing price or volume
KITTW - Missing price or volume
KLCD - Missing price or volume
KLG-W - Missing price or volume
KLTOW - Missing price or volume
KMED - Missing price or volume
KMF - Missing price or volume
KNF-W - Missing price or volume
KPLTW - Missing price or volume
KPOP - Missing price or volume
KREF-P-A - Missing price or volume
KSCD - Missing price or volume
KSET - Missing price or volume
KTTAW - Missing price or volume
KVACW - Missing price or volume
KVUE-W - Missing price or volume
KWESW - Missing price or volume
KWMWW - Missing price or volume
LAAC-W - Missing price or volume
LAC-W - Missing price or volume
LAESV - Missing price or volume
LANV-WS - Missing price or volume
LBBB - Missing price or volume
LBBBR - Missing price or volume
LBBBU - Missing price or volume
LBBBW - Missing price or volume
LBPH - Missing price or volume
LBYAV - Missing price or volume
LCAA - Missing price or volume
LCAAU - Missing price or volume
LCAAW - Missing price or volume
LCFYW - Missing price or volume
LCW-U - Missing price or volume
LD - Missing price or volume
LDTCW - Missing price or volume
LEGT-WS - Missing price or volume
LEXXW - Missing price or volume
LFACW - Missing price or volume
LFT-P-A - Missing price or volume
LGACU - Missing price or volume
LGF-B - Missing price or volume
LGHLW - Missing price or volume
LGL-WS - Missing price or volume
LGV-WS - Missing price or volume
LGVNV - Missing price or volume
LH-W - Missing price or volume
LHC - Missing price or volume
LHC-U - Missing price or volume
LIMNW - Missing price or volume
LIONU - Missing price or volume
LITT - Missing price or volume
LITTU - Missing price or volume
LITTW - Missing price or volume
LMACA - Missing price or volume
LMACU - Missing price or volume
LMACW - Missing price or volume
LMND-WS - Missing price or volume
LMNL - Missing price or volume
LNC-P-D - Missing price or volume
LNZAW - Missing price or volume
LOKVW - Missing price or volume
LOTWW - Missing price or volume
LPAAW - Missing price or volume
LSBPW - Missing price or volume
LSEAW - Missing price or volume
LSPRU - Missing price or volume
LTRYW - Missing price or volume
LVAC - Missing price or volume
LVACW - Missing price or volume
LVROW - Missing price or volume
LVWR-WS - Missing price or volume
LXP-P-C - Missing price or volume
LYFE - Missing price or volume
LZM-WS - Missing price or volume
MAA-P-I - Missing price or volume
MACIW - Missing price or volume
MACK - Missing price or volume
MAPSW - Missing price or volume
MAYAR - Missing price or volume
MBAVW - Missing price or volume
MBAY - Missing price or volume
MBC-W - Missing price or volume
MCACR - Missing price or volume
MCACU - Missing price or volume
MCACW - Missing price or volume
MDAIW - Missing price or volume
MDRRP - Missing price or volume
MDU-W - Missing price or volume
MDV-P-A - Missing price or volume
MEKA - Missing price or volume
MEOA - Missing price or volume
MEOAW - Missing price or volume
MER-P-K - Missing price or volume
MET-P-A - Missing price or volume
MET-P-E - Missing price or volume
MET-P-F - Missing price or volume
METBV - Missing price or volume
METCV - Missing price or volume
MFA-P-B - Missing price or volume
MFA-P-C - Missing price or volume
MFD - Missing price or volume
MFICL - Missing price or volume
MFV - Missing price or volume
MGI - Missing price or volume
MGTA - Missing price or volume
MGU - Missing price or volume
MIDZ - Missing price or volume
MITA - Missing price or volume
MITAU - Missing price or volume
MITAW - Missing price or volume
MITT-P-A - Missing price or volume
MITT-P-B - Missing price or volume
MITT-P-C - Missing price or volume
MJUS - Missing price or volume
MKDWW - Missing price or volume
MKFG-WS - Missing price or volume
ML-WS - Missing price or volume
MLACR - Missing price or volume
MLAIU - Missing price or volume
MLECW - Missing price or volume
MMM-W - Missing price or volume
MNP - Missing price or volume
MNTSW - Missing price or volume
MOBXW - Missing price or volume
MONCU - Missing price or volume
MPACW - Missing price or volume
MPLN-WS - Missing price or volume
MPRA - Missing price or volume
MPRAU - Missing price or volume
MPRAW - Missing price or volume
MRDB-WS - Missing price or volume
MRNOW - Missing price or volume
MRP-W - Missing price or volume
MS-P-A - Missing price or volume
MS-P-E - Missing price or volume
MS-P-F - Missing price or volume
MS-P-I - Missing price or volume
MS-P-K - Missing price or volume
MS-P-L - Missing price or volume
MS-P-P - Missing price or volume
MSAIW - Missing price or volume
MSPRZ - Missing price or volume
MTAC - Missing price or volume
MTB-P-H - Missing price or volume
MTCR - Missing price or volume
MTEKW - Missing price or volume
MTEST - Missing price or volume
MUI - Missing price or volume
MURFW - Missing price or volume
MVRK - Missing price or volume
MVSTW - Missing price or volume
NAACU - Missing price or volume
NAKAW - Missing price or volume
NATL-W - Missing price or volume
NBO - Missing price or volume
NBW - Missing price or volume
NCPLW - Missing price or volume
NCV-P-A - Missing price or volume
NCZ-P-A - Missing price or volume
NDAC - Missing price or volume
NDACU - Missing price or volume
NDACW - Missing price or volume
NDP - Missing price or volume
NE-WS - Missing price or volume
NE-WS-A - Missing price or volume
NEE-P-Q - Missing price or volume
NEE-P-R - Missing price or volume
NEE-P-S - Missing price or volume
NEE-P-T - Missing price or volume
NEE-P-U - Missing price or volume
NEEPN - Missing price or volume
NEHCW - Missing price or volume
NEOVW - Missing price or volume
NESRW - Missing price or volume
NETDW - Missing price or volume
NFLU - Missing price or volume
NFYS-U - Missing price or volume
NGIO - Missing price or volume
NGL-P-B - Missing price or volume
NGL-P-C - Missing price or volume
NHICW - Missing price or volume
NID - Missing price or volume
NIOBW - Missing price or volume
NIQ - Missing price or volume
NIVFW - Missing price or volume
NIXXW - Missing price or volume
NKEL - Missing price or volume
NKEQ - Missing price or volume
NKG - Missing price or volume
NLOP-W - Missing price or volume
NLY-P-F - Missing price or volume
NLY-P-G - Missing price or volume
NLY-P-I - Missing price or volume
NMHIW - Missing price or volume
NNAVW - Missing price or volume
NOAC - Missing price or volume
NOACU - Missing price or volume
NOACW - Missing price or volume
NOEMR - Missing price or volume
NOEMW - Missing price or volume
NOTE-WS - Missing price or volume
NOVV - Missing price or volume
NOVVR - Missing price or volume
NOVVU - Missing price or volume
NOVVW - Missing price or volume
NPWR-WS - Missing price or volume
NREF-P-A - Missing price or volume
NRSNW - Missing price or volume
NRXPW - Missing price or volume
NSA-P-A - Missing price or volume
NSA-P-B - Missing price or volume
NSL - Missing price or volume
NSPL - Missing price or volume
NTBL - Missing price or volume
NTEST - Missing price or volume
NTEST-A - Missing price or volume
NTEST-B - Missing price or volume
NTEST-C - Missing price or volume
NTEST-G - Missing price or volume
NTEST-H - Missing price or volume
NTEST-I - Missing price or volume
NTEST-J - Missing price or volume
NTEST-K - Missing price or volume
NTEST-L - Missing price or volume
NTEST-M - Missing price or volume
NTEST-N - Missing price or volume
NTEST-O - Missing price or volume
NTEST-P - Missing price or volume
NTEST-Q - Missing price or volume
NTEST-Y - Missing price or volume
NTEST-Z - Missing price or volume
NTG - Missing price or volume
NTWOW - Missing price or volume
NUO - Missing price or volume
NUVB-WS - Missing price or volume
NVAWW - Missing price or volume
NVNIW - Missing price or volume
NVSAU - Missing price or volume
NVVEW - Missing price or volume
NWTNW - Missing price or volume
NXDT-P-A - Missing price or volume
NXG-R - Missing price or volume
NXGLW - Missing price or volume
NXLIW - Missing price or volume
NXPLW - Missing price or volume
NXT(EXP20091224) - Missing price or volume
NXU - Missing price or volume
NYCB-P-U - Missing price or volume
NZRO - Missing price or volume
OABIW - Missing price or volume
OACCW - Missing price or volume
OAK-P-A - Missing price or volume
OAK-P-B - Missing price or volume
OAKUW - Missing price or volume
OCSAW - Missing price or volume
ODVWZ - Missing price or volume
OHPA - Missing price or volume
OHPAU - Missing price or volume
OHPAW - Missing price or volume
OLK - Missing price or volume
ONCT - Missing price or volume
ONFOW - Missing price or volume
ONMDW - Missing price or volume
OPFI-WS - Missing price or volume
OPP-P-A - Missing price or volume
OPP-P-B - Missing price or volume
OPTN - Missing price or volume
OPTXW - Missing price or volume
ORGNW - Missing price or volume
OSG - Missing price or volume
OSRHW - Missing price or volume
OTMO - Missing price or volume
OTMOW - Missing price or volume
OUST-WS - Missing price or volume
OUSTW - Missing price or volume
OUSTZ - Missing price or volume
OWL-WS - Missing price or volume
OXBRW - Missing price or volume
OXUSU - Missing price or volume
OXY-WS - Missing price or volume
OZON - Missing price or volume
PACI-U - Missing price or volume
PACWP - Missing price or volume
PACX - Missing price or volume
PACXW - Missing price or volume
PARAP - Missing price or volume
PBI-P-B - Missing price or volume
PBMWW - Missing price or volume
PCCT - Missing price or volume
PCCTU - Missing price or volume
PCG-P-A - Missing price or volume
PCG-P-B - Missing price or volume
PCG-P-C - Missing price or volume
PCG-P-D - Missing price or volume
PCG-P-E - Missing price or volume
PCG-P-G - Missing price or volume
PCG-P-H - Missing price or volume
PCG-P-I - Missing price or volume
PCTTW - Missing price or volume
PEB-P-E - Missing price or volume
PEB-P-F - Missing price or volume
PEB-P-G - Missing price or volume
PEB-P-H - Missing price or volume
PEPLW - Missing price or volume
PERF-WS - Missing price or volume
PETWW - Missing price or volume
PFEL - Missing price or volume
PFES - Missing price or volume
PFTAW - Missing price or volume
PFXNL - Missing price or volume
PHGE-U - Missing price or volume
PHIN-W - Missing price or volume
PHXM - Missing price or volume
PIIIW - Missing price or volume
PIRS - Missing price or volume
PL-WS - Missing price or volume
PLMI - Missing price or volume
PLMIU - Missing price or volume
PLMIW - Missing price or volume
PLMJ - Missing price or volume
PLMJU - Missing price or volume
PLMJW - Missing price or volume
PLMKW - Missing price or volume
PMT-P-A - Missing price or volume
PMT-P-B - Missing price or volume
PMT-P-C - Missing price or volume
PNST-WS - Missing price or volume
PNSTWS - Missing price or volume
POLEW - Missing price or volume
PONOU - Missing price or volume
PRDS - Missing price or volume
PRE-P-J - Missing price or volume
PRENW - Missing price or volume
PRIF-P-D - Missing price or volume
PRIF-P-F - Missing price or volume
PRIF-P-I - Missing price or volume
PRIF-P-J - Missing price or volume
PRIF-P-K - Missing price or volume
PRIF-P-L - Missing price or volume
PSA-P-F - Missing price or volume
PSA-P-G - Missing price or volume
PSA-P-H - Missing price or volume
PSA-P-I - Missing price or volume
PSA-P-J - Missing price or volume
PSA-P-K - Missing price or volume
PSA-P-L - Missing price or volume
PSA-P-M - Missing price or volume
PSA-P-N - Missing price or volume
PSA-P-O - Missing price or volume
PSA-P-P - Missing price or volume
PSA-P-Q - Missing price or volume
PSA-P-R - Missing price or volume
PSA-P-S - Missing price or volume
PSEC-P-A - Missing price or volume
PSFE-WS - Missing price or volume
PSQH-WS - Missing price or volume
PSTX - Missing price or volume
PTEST - Missing price or volume
PTEST-A - Missing price or volume
PTEST-W - Missing price or volume
PTEST-X - Missing price or volume
PTEST-Y - Missing price or volume
PTHR - Missing price or volume
PTHRW - Missing price or volume
PTIXW - Missing price or volume
PTWOU - Missing price or volume
PW-P-A - Missing price or volume
PXDT - Missing price or volume
PXSAW - Missing price or volume
PYPS - Missing price or volume
PYPT - Missing price or volume
PYR - Missing price or volume
QBTS-WS - Missing price or volume
QDYN - Missing price or volume
QETAR - Missing price or volume
QSEAR - Missing price or volume
QSIAW - Missing price or volume
QTNT - Missing price or volume
QWST - Missing price or volume
RAAQW - Missing price or volume
RAC-U - Missing price or volume
RAC-WS - Missing price or volume
RAINW - Missing price or volume
RAMMU - Missing price or volume
RANGR - Missing price or volume
RBCP - Missing price or volume
RBNEV - Missing price or volume
RBOT-WS - Missing price or volume
RBT-WS - Missing price or volume
RC-P-C - Missing price or volume
RC-P-E - Missing price or volume
RCFA-U - Missing price or volume
RCKTW - Missing price or volume
RCLFU - Missing price or volume
RCM - Missing price or volume
RDACR - Missing price or volume
RDW-WS - Missing price or volume
RDZNW - Missing price or volume
RELIW - Missing price or volume
REUN - Missing price or volume
REVBW - Missing price or volume
REXR-P-B - Missing price or volume
REXR-P-C - Missing price or volume
RF-P-C - Missing price or volume
RF-P-E - Missing price or volume
RFAIR - Missing price or volume
RFL-WS - Missing price or volume
RGTIW - Missing price or volume
RHLDV - Missing price or volume
RIBBR - Missing price or volume
RITM-P-A - Missing price or volume
RITM-P-B - Missing price or volume
RITM-P-C - Missing price or volume
RITM-P-D - Missing price or volume
RIV-P-A - Missing price or volume
RJF-P-B - Missing price or volume
RLJ-P-A - Missing price or volume
RMCOW - Missing price or volume
RMSGW - Missing price or volume
RNDM - Missing price or volume
RNERU - Missing price or volume
RNLX - Missing price or volume
RNR-P-F - Missing price or volume
RNR-P-G - Missing price or volume
RNWK - Missing price or volume
ROC - Missing price or volume
ROCAU - Missing price or volume
ROI - Missing price or volume
ROSS - Missing price or volume
ROSS-U - Missing price or volume
ROSS-WS - Missing price or volume
RSF-R - Missing price or volume
RSF-R-W - Missing price or volume
RUMBW - Missing price or volume
RUSS - Missing price or volume
RVMDW - Missing price or volume
RVNC - Missing price or volume
RVPHW - Missing price or volume
RVSNW - Missing price or volume
RWT-P-A - Missing price or volume
RXDX - Missing price or volume
RZLVW - Missing price or volume
SABRP - Missing price or volume
SABSW - Missing price or volume
SACH-P-A - Missing price or volume
SAIHW - Missing price or volume
SAMAU - Missing price or volume
SASI - Missing price or volume
SATLW - Missing price or volume
SB-P-C - Missing price or volume
SB-P-D - Missing price or volume
SBCWW - Missing price or volume
SBEV-WS - Missing price or volume
SBFMW - Missing price or volume
SBIGW - Missing price or volume
SBXD-U - Missing price or volume
SBXD-WS - Missing price or volume
SCAQU - Missing price or volume
SCE-P-G - Missing price or volume
SCE-P-J - Missing price or volume
SCE-P-K - Missing price or volume
SCE-P-L - Missing price or volume
SCHW-P-D - Missing price or volume
SCHW-P-J - Missing price or volume
SCLXW - Missing price or volume
SCMA - Missing price or volume
SCMAU - Missing price or volume
SCMAW - Missing price or volume
SCU - Missing price or volume
SCY - Missing price or volume
SDACU - Missing price or volume
SDAWW - Missing price or volume
SDHIR - Missing price or volume
SDSTW - Missing price or volume
SEAL-P-A - Missing price or volume
SEAL-P-B - Missing price or volume
SEDA-U - Missing price or volume
SEDA-WS - Missing price or volume
SEM-W - Missing price or volume
SENT - Missing price or volume
SES-WS - Missing price or volume
SESG - Missing price or volume
SF-P-B - Missing price or volume
SF-P-C - Missing price or volume
SF-P-D - Missing price or volume
SFB - Missing price or volume
SFRTW - Missing price or volume
SGBXV - Missing price or volume
SGDVV - Missing price or volume
SGTX - Missing price or volume
SHCAU - Missing price or volume
SHFSW - Missing price or volume
SHMDW - Missing price or volume
SHO-P-H - Missing price or volume
SHO-P-I - Missing price or volume
SHOTW - Missing price or volume
SIFYR - Missing price or volume
SIMAW - Missing price or volume
SITC-W - Missing price or volume
SIX - Missing price or volume
SKYHWS - Missing price or volume
SLDPW - Missing price or volume
SLG-P-I - Missing price or volume
SLGC - Missing price or volume
SLGCW - Missing price or volume
SLND-WS - Missing price or volume
SLRN - Missing price or volume
SLVRU - Missing price or volume
SLXNW - Missing price or volume
SMR-WS - Missing price or volume
SMXWW - Missing price or volume
SNDKV - Missing price or volume
SNREV - Missing price or volume
SNV-P-D - Missing price or volume
SNV-P-E - Missing price or volume
SOC-WS - Missing price or volume
SOGU - Missing price or volume
SOLO - Missing price or volume
SOLOW - Missing price or volume
SOLV-W - Missing price or volume
SONDW - Missing price or volume
SOQ - Missing price or volume
SOUL-R - Missing price or volume
SOUL-U - Missing price or volume
SOUNW - Missing price or volume
SPE-P-C - Missing price or volume
SPG-P-J - Missing price or volume
SPHA - Missing price or volume
SPHAR - Missing price or volume
SPHR-W - Missing price or volume
SPKBU - Missing price or volume
SPKLW - Missing price or volume
SPKX - Missing price or volume
SPKY - Missing price or volume
SPNT-P-B - Missing price or volume
SPPI - Missing price or volume
SPTK - Missing price or volume
SPTKW - Missing price or volume
SPWRW - Missing price or volume
SQFTW - Missing price or volume
SR-P-A - Missing price or volume
SRG-P-A - Missing price or volume
SRV-R - Missing price or volume
SRV-R-W - Missing price or volume
SRZNW - Missing price or volume
SST-WS - Missing price or volume
STHOV - Missing price or volume
STLV - Missing price or volume
STSSW - Missing price or volume
STT-P-G - Missing price or volume
STZ-B - Missing price or volume
SUNSV - Missing price or volume
SURF - Missing price or volume
SVCCW - Missing price or volume
SVFAU - Missing price or volume
SVIIR - Missing price or volume
SVIIW - Missing price or volume
SVNAU - Missing price or volume
SVREW - Missing price or volume
SWAGW - Missing price or volume
SWEB - Missing price or volume
SWET - Missing price or volume
SWETU - Missing price or volume
SWETW - Missing price or volume
SWVLW - Missing price or volume
SXTPW - Missing price or volume
SYF-P-A - Missing price or volume
SYT - Missing price or volume
SYTAW - Missing price or volume
SZZLR - Missing price or volume
T-P-A - Missing price or volume
T-P-C - Missing price or volume
TACHW - Missing price or volume
TACOW - Missing price or volume
TALKW - Missing price or volume
TANNI - Missing price or volume
TANNL - Missing price or volume
TANNZ - Missing price or volume
TAVIR - Missing price or volume
TBC - Missing price or volume
TBLAW - Missing price or volume
TBMCU - Missing price or volume
TBSA - Missing price or volume
TBSAU - Missing price or volume
TBSAW - Missing price or volume
TCDA - Missing price or volume
TCVA - Missing price or volume
TDS-P-U - Missing price or volume
TDS-P-V - Missing price or volume
TDSA - Missing price or volume
TDSD - Missing price or volume
TDSE - Missing price or volume
TE-WS - Missing price or volume
TEN-P-E - Missing price or volume
TEN-P-F - Missing price or volume
TEWS - Missing price or volume
TFC-P-I - Missing price or volume
TFC-P-O - Missing price or volume
TFC-P-R - Missing price or volume
TGE-WS - Missing price or volume
TGR-WS - Missing price or volume
THACU - Missing price or volume
THCHW - Missing price or volume
THRN - Missing price or volume
TMAC - Missing price or volume
TMAC-U - Missing price or volume
TMDI - Missing price or volume
TNONW - Missing price or volume
TOACU - Missing price or volume
TOIIW - Missing price or volume
TOROV - Missing price or volume
TRTN-P-A - Missing price or volume
TRTN-P-B - Missing price or volume
TRTN-P-C - Missing price or volume
TRTN-P-D - Missing price or volume
TRTN-P-E - Missing price or volume
TRTX-P-C - Missing price or volume
TSIB - Missing price or volume
TSIBU - Missing price or volume
TSIBW - Missing price or volume
TTP - Missing price or volume
TUNE - Missing price or volume
TVACW - Missing price or volume
TVGNW - Missing price or volume
TWCB - Missing price or volume
TWCBU - Missing price or volume
TWCBW - Missing price or volume
TWKS - Missing price or volume
TWNPV - Missing price or volume
TWO-P-A - Missing price or volume
TWO-P-B - Missing price or volume
TWO-P-C - Missing price or volume
UCB-P-I - Missing price or volume
UCBI - Missing price or volume
UHGWW - Missing price or volume
UKOMW - Missing price or volume
UMH-P-D - Missing price or volume
UNAMQ - Missing price or volume
USARW - Missing price or volume
USB-P-A - Missing price or volume
USB-P-H - Missing price or volume
USB-P-P - Missing price or volume
USB-P-Q - Missing price or volume
USB-P-R - Missing price or volume
USB-P-S - Missing price or volume
USGOW - Missing price or volume
USX - Missing price or volume
UTAA - Missing price or volume
UTAAU - Missing price or volume
UWMC-WS - Missing price or volume
UYSCR - Missing price or volume
VACHW - Missing price or volume
VAL-WS - Missing price or volume
VATE-R - Missing price or volume
VCICW - Missing price or volume
VCKAU - Missing price or volume
VCXA - Missing price or volume
VCXAW - Missing price or volume
VCXB-WS - Missing price or volume
VECT - Missing price or volume
VEEAW - Missing price or volume
VGASW - Missing price or volume
VGFC - Missing price or volume
VHAI-WS-A - Missing price or volume
VHAI-WS-B - Missing price or volume
VIA - Missing price or volume
VLD-WS - Missing price or volume
VLDRW - Missing price or volume
VLTO-W - Missing price or volume
VMGA - Missing price or volume
VMGAW - Missing price or volume
VMW - Missing price or volume
VNO-P-L - Missing price or volume
VNO-P-M - Missing price or volume
VNO-P-N - Missing price or volume
VNO-P-O - Missing price or volume
VOYA-P-B - Missing price or volume
VRMEW - Missing price or volume
VRMMQ - Missing price or volume
VSEEW - Missing price or volume
VSTS-W - Missing price or volume
VTA - Missing price or volume
VTS-W - Missing price or volume
VYX-W - Missing price or volume
WAL-P-A - Missing price or volume
WBS-P-F - Missing price or volume
WBS-P-G - Missing price or volume
WCC-P-A - Missing price or volume
WDCVV - Missing price or volume
WENA - Missing price or volume
WENAW - Missing price or volume
WFC-P-A - Missing price or volume
WFC-P-C - Missing price or volume
WFC-P-D - Missing price or volume
WFC-P-L - Missing price or volume
WFC-P-Y - Missing price or volume
WFC-P-Z - Missing price or volume
WGSWW - Missing price or volume
WHLRL - Missing price or volume
WKEYV - Missing price or volume
WLACW - Missing price or volume
WLDSW - Missing price or volume
WOR-W - Missing price or volume
WPC-W - Missing price or volume
WRB-P-E - Missing price or volume
WRB-P-F - Missing price or volume
WRB-P-G - Missing price or volume
WRB-P-H - Missing price or volume
WS-W - Missing price or volume
WTMAR - Missing price or volume
WUSA - Missing price or volume
WWACU - Missing price or volume
WZRD - Missing price or volume
XAGEW - Missing price or volume
XBPEW - Missing price or volume
XDAP - Missing price or volume
XDNA - Missing price or volume
XFLT-P-A - Missing price or volume
XLYO - Missing price or volume
XM - Missing price or volume
XOSWW - Missing price or volume
XPDB - Missing price or volume
XPDBW - Missing price or volume
XPVVV - Missing price or volume
YHNAR - Missing price or volume
ZAPPW - Missing price or volume
ZAZZT - Missing price or volume
ZBZX - Missing price or volume
ZBZZT - Missing price or volume
ZCZZT - Missing price or volume
ZEOWW - Missing price or volume
ZEV-WS - Missing price or volume
ZGEN - Missing price or volume
ZINGU - Missing price or volume
ZJZZT - Missing price or volume
ZOOZW - Missing price or volume
ZTAQU - Missing price or volume
ZTEST - Missing price or volume
ZTST - Missing price or volume
ZVV - Missing price or volume
ZVZZT - Missing price or volume
ZWZZT - Missing price or volume
ZXYZ-A - Missing price or volume
ZXZZT - Missing price or volume
ZYNE - Missing price or volume
ZZK - Missing price or volume