2025-06-19 11:02:50,230 INFO \u2139\ufe0f  Loaded 11829 symbols from tickers.csv
2025-06-19 11:02:50,233 INFO \U0001f504 Batch of 2 symbols (attempt 1)
2025-06-19 11:02:50,698 ERROR 
2 Failed downloads:
2025-06-19 11:02:50,700 ERROR ['A', 'AA']: ValueError("time data '2025-06-d' does not match format '%Y-%m-%d'")
2025-06-19 11:02:50,722 INFO A               | FAILED | no data returned
2025-06-19 11:02:50,726 INFO AA              | FAILED | no data returned
2025-06-19 11:02:50,728 INFO \u23f8\ufe0f  Sleeping 4.5s …
2025-06-19 11:02:55,192 INFO \U0001f504 Batch of 2 symbols (attempt 1)
2025-06-19 11:02:55,221 ERROR 
2 Failed downloads:
2025-06-19 11:02:55,222 ERROR ['AAAU', 'AAA']: ValueError("time data '2025-06-d' does not match format '%Y-%m-%d'")
2025-06-19 11:02:55,242 INFO AAA             | FAILED | no data returned
2025-06-19 11:02:55,245 INFO AAAU            | FAILED | no data returned
2025-06-19 11:02:55,246 INFO \u23f8\ufe0f  Sleeping 3.2s …
2025-06-19 11:02:58,462 INFO \U0001f504 Batch of 2 symbols (attempt 1)
2025-06-19 11:02:58,499 ERROR 
2 Failed downloads:
2025-06-19 11:02:58,505 ERROR ['AACBU', 'AACBR']: ValueError("time data '2025-06-d' does not match format '%Y-%m-%d'")
2025-06-19 11:02:58,548 INFO AACBR           | FAILED | no data returned
2025-06-19 11:02:58,577 INFO AACBU           | FAILED | no data returned
2025-06-19 11:02:58,584 INFO \u23f8\ufe0f  Sleeping 2.2s …
2025-06-19 11:03:00,773 INFO \U0001f504 Batch of 2 symbols (attempt 1)
2025-06-19 11:03:00,793 ERROR 
2 Failed downloads:
2025-06-19 11:03:00,798 ERROR ['AACG', 'AACIU']: ValueError("time data '2025-06-d' does not match format '%Y-%m-%d'")
2025-06-19 11:03:00,818 INFO AACG            | FAILED | no data returned
2025-06-19 11:03:00,823 INFO AACIU           | FAILED | no data returned
2025-06-19 11:03:00,824 INFO \u23f8\ufe0f  Sleeping 4.4s …
2025-06-19 11:03:05,209 INFO \U0001f504 Batch of 2 symbols (attempt 1)
2025-06-19 11:03:07,483 ERROR HTTP Error 404: 
2025-06-19 11:03:08,051 ERROR 
2 Failed downloads:
2025-06-19 11:03:08,051 ERROR ['AACT']: ValueError("time data '2025-06-d' does not match format '%Y-%m-%d'")
2025-06-19 11:03:08,051 ERROR ['AACT-U']: YFTzMissingError('possibly delisted; no timezone found')
2025-06-19 11:03:08,075 INFO AACT            | FAILED | no data returned
2025-06-19 11:03:08,081 INFO AACT-U          | FAILED | no data returned
2025-06-19 11:03:08,082 INFO \u23f8\ufe0f  Sleeping 4.5s …
2025-06-19 11:03:12,559 INFO \U0001f504 Batch of 2 symbols (attempt 1)
2025-06-19 11:03:15,311 ERROR 
2 Failed downloads:
2025-06-19 11:03:15,311 ERROR ['AADR']: ValueError("time data '2025-06-d' does not match format '%Y-%m-%d'")
2025-06-19 11:03:15,311 ERROR ['AACT-WS']: YFTzMissingError('possibly delisted; no timezone found')
2025-06-19 11:03:15,311 INFO AACT-WS         | FAILED | no data returned
2025-06-19 11:03:15,311 INFO AADR            | FAILED | no data returned
2025-06-19 11:03:15,311 INFO \u23f8\ufe0f  Sleeping 4.0s …
2025-06-19 11:03:19,315 INFO \U0001f504 Batch of 2 symbols (attempt 1)
2025-06-19 11:03:19,328 ERROR 
2 Failed downloads:
2025-06-19 11:03:19,328 ERROR ['AAL', 'AAM']: ValueError("time data '2025-06-d' does not match format '%Y-%m-%d'")
2025-06-19 11:03:19,332 INFO AAL             | FAILED | no data returned
2025-06-19 11:03:19,333 INFO AAM             | FAILED | no data returned
2025-06-19 11:03:19,333 INFO \u23f8\ufe0f  Sleeping 3.7s …
2025-06-19 11:03:23,004 INFO \U0001f504 Batch of 2 symbols (attempt 1)
2025-06-19 11:03:25,354 ERROR 
2 Failed downloads:
2025-06-19 11:03:25,354 ERROR ['AAM-WS', 'AAM-U']: YFTzMissingError('possibly delisted; no timezone found')
2025-06-19 11:03:25,358 INFO AAM-U           | FAILED | no data returned
2025-06-19 11:03:25,360 INFO AAM-WS          | FAILED | no data returned
2025-06-19 11:03:25,360 INFO \u23f8\ufe0f  Sleeping 3.1s …
2025-06-19 11:03:28,434 INFO \U0001f504 Batch of 2 symbols (attempt 1)
2025-06-19 11:03:28,449 ERROR 
2 Failed downloads:
2025-06-19 11:03:28,449 ERROR ['AAME', 'AAMI']: ValueError("time data '2025-06-d' does not match format '%Y-%m-%d'")
2025-06-19 11:03:28,455 INFO AAME            | FAILED | no data returned
2025-06-19 11:03:28,455 INFO AAMI            | FAILED | no data returned
2025-06-19 11:03:28,459 INFO \u23f8\ufe0f  Sleeping 3.0s …
2025-06-19 11:03:31,469 INFO \U0001f504 Batch of 2 symbols (attempt 1)
2025-06-19 11:03:31,483 ERROR 
2 Failed downloads:
2025-06-19 11:03:31,483 ERROR ['AAON', 'AAOI']: ValueError("time data '2025-06-d' does not match format '%Y-%m-%d'")
2025-06-19 11:03:31,489 INFO AAOI            | FAILED | no data returned
2025-06-19 11:03:31,491 INFO AAON            | FAILED | no data returned
2025-06-19 11:03:31,491 INFO \u23f8\ufe0f  Sleeping 4.8s …
2025-06-19 11:03:36,249 INFO \U0001f504 Batch of 2 symbols (attempt 1)
2025-06-19 11:03:36,263 ERROR 
2 Failed downloads:
2025-06-19 11:03:36,264 ERROR ['AAPB', 'AAP']: ValueError("time data '2025-06-d' does not match format '%Y-%m-%d'")
2025-06-19 11:03:36,272 INFO AAP             | FAILED | no data returned
2025-06-19 11:03:36,273 INFO AAPB            | FAILED | no data returned
2025-06-19 11:03:36,274 INFO \u23f8\ufe0f  Sleeping 4.5s …
2025-06-19 11:03:40,784 INFO \U0001f504 Batch of 2 symbols (attempt 1)
2025-06-19 11:03:40,800 ERROR 
2 Failed downloads:
2025-06-19 11:03:40,802 ERROR ['AAPD', 'AAPG']: ValueError("time data '2025-06-d' does not match format '%Y-%m-%d'")
2025-06-19 11:03:40,804 INFO AAPD            | FAILED | no data returned
2025-06-19 11:03:40,815 INFO AAPG            | FAILED | no data returned
2025-06-19 11:03:40,817 INFO \u23f8\ufe0f  Sleeping 2.7s …
2025-06-19 11:03:43,501 INFO \U0001f504 Batch of 2 symbols (attempt 1)
2025-06-19 11:03:44,319 ERROR 
2 Failed downloads:
2025-06-19 11:03:44,319 ERROR ['AAPL']: ValueError("time data '2025-06-d' does not match format '%Y-%m-%d'")
2025-06-19 11:03:44,319 ERROR ['AAPGV']: YFTzMissingError('possibly delisted; no timezone found')
2025-06-19 11:03:44,321 INFO AAPGV           | FAILED | no data returned
2025-06-19 11:03:44,321 INFO AAPL            | FAILED | no data returned
2025-06-19 11:03:44,326 INFO \u23f8\ufe0f  Sleeping 2.8s …
2025-06-19 11:03:47,129 INFO \U0001f504 Batch of 2 symbols (attempt 1)
2025-06-19 11:03:47,146 ERROR 
2 Failed downloads:
2025-06-19 11:03:47,147 ERROR ['AAPR', 'AAPU']: ValueError("time data '2025-06-d' does not match format '%Y-%m-%d'")
2025-06-19 11:03:47,155 INFO AAPR            | FAILED | no data returned
2025-06-19 11:03:47,155 INFO AAPU            | FAILED | no data returned
2025-06-19 11:03:47,155 INFO \u23f8\ufe0f  Sleeping 3.4s …
2025-06-19 11:03:50,515 INFO \U0001f504 Batch of 2 symbols (attempt 1)
2025-06-19 11:03:50,542 ERROR 
2 Failed downloads:
2025-06-19 11:03:50,542 ERROR ['AAPX', 'AAPW']: ValueError("time data '2025-06-d' does not match format '%Y-%m-%d'")
2025-06-19 11:03:50,548 INFO AAPW            | FAILED | no data returned
2025-06-19 11:03:50,555 INFO AAPX            | FAILED | no data returned
2025-06-19 11:03:50,555 INFO \u23f8\ufe0f  Sleeping 3.6s …
2025-06-19 11:03:54,132 INFO \U0001f504 Batch of 2 symbols (attempt 1)
2025-06-19 11:03:54,167 ERROR 
2 Failed downloads:
2025-06-19 11:03:54,167 ERROR ['AAPY', 'AARD']: ValueError("time data '2025-06-d' does not match format '%Y-%m-%d'")
2025-06-19 11:03:54,175 INFO AAPY            | FAILED | no data returned
2025-06-19 11:03:54,178 INFO AARD            | FAILED | no data returned
2025-06-19 11:03:54,179 INFO \u23f8\ufe0f  Sleeping 3.7s …
2025-06-19 11:03:57,884 INFO \U0001f504 Batch of 2 symbols (attempt 1)
2025-06-19 11:03:57,906 ERROR 
2 Failed downloads:
2025-06-19 11:03:57,906 ERROR ['AAT', 'AAVM']: ValueError("time data '2025-06-d' does not match format '%Y-%m-%d'")
2025-06-19 11:03:57,922 INFO AAT             | FAILED | no data returned
2025-06-19 11:03:57,925 INFO AAVM            | FAILED | no data returned
2025-06-19 11:03:57,926 INFO \u23f8\ufe0f  Sleeping 2.4s …
2025-06-19 11:04:00,361 INFO \U0001f504 Batch of 2 symbols (attempt 1)
2025-06-19 11:04:00,376 ERROR 
2 Failed downloads:
2025-06-19 11:04:00,376 ERROR ['AAXJ', 'AB']: ValueError("time data '2025-06-d' does not match format '%Y-%m-%d'")
2025-06-19 11:04:00,383 INFO AAXJ            | FAILED | no data returned
2025-06-19 11:04:00,383 INFO AB              | FAILED | no data returned
2025-06-19 11:04:00,388 INFO \u23f8\ufe0f  Sleeping 4.9s …
2025-06-19 11:04:05,272 INFO \U0001f504 Batch of 2 symbols (attempt 1)
2025-06-19 11:04:05,297 ERROR 
2 Failed downloads:
2025-06-19 11:04:05,298 ERROR ['ABAT', 'ABBV']: ValueError("time data '2025-06-d' does not match format '%Y-%m-%d'")
2025-06-19 11:04:05,298 INFO ABAT            | FAILED | no data returned
2025-06-19 11:04:05,298 INFO ABBV            | FAILED | no data returned
2025-06-19 11:04:05,306 INFO \u23f8\ufe0f  Sleeping 2.5s …
2025-06-19 11:04:07,788 INFO \U0001f504 Batch of 2 symbols (attempt 1)
2025-06-19 11:04:07,804 ERROR 
2 Failed downloads:
2025-06-19 11:04:07,804 ERROR ['ABCL', 'ABCB']: ValueError("time data '2025-06-d' does not match format '%Y-%m-%d'")
2025-06-19 11:04:07,809 INFO ABCB            | FAILED | no data returned
2025-06-19 11:04:07,815 INFO ABCL            | FAILED | no data returned
2025-06-19 11:04:07,817 INFO \u23f8\ufe0f  Sleeping 4.6s …
2025-06-19 11:04:12,435 INFO \U0001f504 Batch of 2 symbols (attempt 1)
2025-06-19 11:04:12,449 ERROR 
2 Failed downloads:
2025-06-19 11:04:12,450 ERROR ['ABEO', 'ABCS']: ValueError("time data '2025-06-d' does not match format '%Y-%m-%d'")
2025-06-19 11:04:12,452 INFO ABCS            | FAILED | no data returned
2025-06-19 11:04:12,452 INFO ABEO            | FAILED | no data returned
2025-06-19 11:04:12,459 INFO \u23f8\ufe0f  Sleeping 4.2s …
2025-06-19 11:04:16,666 INFO \U0001f504 Batch of 2 symbols (attempt 1)
2025-06-19 11:04:16,682 ERROR 
2 Failed downloads:
2025-06-19 11:04:16,684 ERROR ['ABEV', 'ABEQ']: ValueError("time data '2025-06-d' does not match format '%Y-%m-%d'")
2025-06-19 11:04:16,684 INFO ABEQ            | FAILED | no data returned
2025-06-19 11:04:16,692 INFO ABEV            | FAILED | no data returned
2025-06-19 11:04:16,693 INFO \u23f8\ufe0f  Sleeping 3.9s …
2025-06-19 11:04:20,608 INFO \U0001f504 Batch of 2 symbols (attempt 1)
2025-06-19 11:04:20,623 ERROR 
2 Failed downloads:
2025-06-19 11:04:20,623 ERROR ['ABG', 'ABFL']: ValueError("time data '2025-06-d' does not match format '%Y-%m-%d'")
2025-06-19 11:04:20,628 INFO ABFL            | FAILED | no data returned
2025-06-19 11:04:20,629 INFO ABG             | FAILED | no data returned
2025-06-19 11:04:20,629 INFO \u23f8\ufe0f  Sleeping 5.0s …
2025-06-19 11:04:25,618 INFO \U0001f504 Batch of 2 symbols (attempt 1)
2025-06-19 11:04:25,639 ERROR 
2 Failed downloads:
2025-06-19 11:04:25,645 ERROR ['ABL', 'ABLD']: ValueError("time data '2025-06-d' does not match format '%Y-%m-%d'")
2025-06-19 11:04:25,674 INFO ABL             | FAILED | no data returned
2025-06-19 11:04:25,680 INFO ABLD            | FAILED | no data returned
2025-06-19 11:04:25,682 INFO \u23f8\ufe0f  Sleeping 2.2s …
2025-06-19 11:04:27,931 INFO \U0001f504 Batch of 2 symbols (attempt 1)
2025-06-19 11:04:27,956 ERROR 
2 Failed downloads:
2025-06-19 11:04:27,956 ERROR ['ABLLL', 'ABLG']: ValueError("time data '2025-06-d' does not match format '%Y-%m-%d'")
2025-06-19 11:04:27,965 INFO ABLG            | FAILED | no data returned
2025-06-19 11:04:27,969 INFO ABLLL           | FAILED | no data returned
2025-06-19 11:04:27,970 INFO \u23f8\ufe0f  Sleeping 2.2s …
2025-06-19 11:04:30,154 INFO \U0001f504 Batch of 2 symbols (attempt 1)
2025-06-19 11:04:30,168 ERROR 
2 Failed downloads:
2025-06-19 11:04:30,168 ERROR ['ABLV', 'ABLLW']: ValueError("time data '2025-06-d' does not match format '%Y-%m-%d'")
2025-06-19 11:04:30,177 INFO ABLLW           | FAILED | no data returned
2025-06-19 11:04:30,179 INFO ABLV            | FAILED | no data returned
2025-06-19 11:04:30,180 INFO \u23f8\ufe0f  Sleeping 4.6s …
2025-06-19 11:04:34,820 INFO \U0001f504 Batch of 2 symbols (attempt 1)
2025-06-19 11:04:34,834 ERROR 
2 Failed downloads:
2025-06-19 11:04:34,834 ERROR ['ABLVW', 'ABM']: ValueError("time data '2025-06-d' does not match format '%Y-%m-%d'")
2025-06-19 11:04:34,837 INFO ABLVW           | FAILED | no data returned
2025-06-19 11:04:34,837 INFO ABM             | FAILED | no data returned
2025-06-19 11:04:34,837 INFO \u23f8\ufe0f  Sleeping 2.9s …
2025-06-19 11:04:37,785 INFO \U0001f504 Batch of 2 symbols (attempt 1)
2025-06-19 11:04:37,798 ERROR 
2 Failed downloads:
2025-06-19 11:04:37,798 ERROR ['ABNB', 'ABNY']: ValueError("time data '2025-06-d' does not match format '%Y-%m-%d'")
2025-06-19 11:04:37,802 INFO ABNB            | FAILED | no data returned
2025-06-19 11:04:37,805 INFO ABNY            | FAILED | no data returned
2025-06-19 11:04:37,805 INFO \u23f8\ufe0f  Sleeping 4.1s …
2025-06-19 11:04:41,868 INFO \U0001f504 Batch of 2 symbols (attempt 1)
2025-06-19 11:04:41,880 ERROR 
2 Failed downloads:
2025-06-19 11:04:41,882 ERROR ['ABOS', 'ABOT']: ValueError("time data '2025-06-d' does not match format '%Y-%m-%d'")
2025-06-19 11:04:41,893 INFO ABOS            | FAILED | no data returned
2025-06-19 11:04:41,896 INFO ABOT            | FAILED | no data returned
2025-06-19 11:04:41,897 INFO \u23f8\ufe0f  Sleeping 3.6s …
2025-06-19 11:04:45,497 INFO \U0001f504 Batch of 2 symbols (attempt 1)
2025-06-19 11:04:45,509 ERROR 
2 Failed downloads:
2025-06-19 11:04:45,510 ERROR ['ABR', 'ABPWW']: ValueError("time data '2025-06-d' does not match format '%Y-%m-%d'")
2025-06-19 11:04:45,514 INFO ABPWW           | FAILED | no data returned
2025-06-19 11:04:45,517 INFO ABR             | FAILED | no data returned
2025-06-19 11:04:45,517 INFO \u23f8\ufe0f  Sleeping 3.6s …
2025-06-19 11:04:49,129 INFO \U0001f504 Batch of 2 symbols (attempt 1)
